<?xml version="1.0" encoding="UTF-8"?>
<!-- Generated by org.testng.reporters.JUnitXMLReporter -->
<testsuite ignored="5" hostname="DESKTOP-TBHPIG9" failures="0" tests="3" name="Test" time="2.342" errors="0" timestamp="17 Feb 2022 11:54:42 GMT">
  <testcase classname="com.simpaisa.workflows.WifiTransaction" name="make_transasction_wifi" time="1.524"/>
  <testcase classname="com.simpaisa.common.framework.test.SimPaisaScript" name="initialize" time="0.001"/>
  <testcase classname="com.simpaisa.workflows.TestFlow" name="make_transasction_wifi" time="0.795"/>
  <testcase classname="com.simpaisa.workflows.WifiTransaction" name="resetParams" time="0.0">
    <ignored/>
  </testcase> <!-- resetParams -->
  <testcase classname="com.simpaisa.common.framework.test.SimPaisaScript" name="display_properties" time="0.0">
    <ignored/>
  </testcase> <!-- display_properties -->
  <testcase classname="com.simpaisa.common.framework.test.SimPaisaScript" name="initConfig" time="0.0">
    <ignored/>
  </testcase> <!-- initConfig -->
  <testcase classname="com.simpaisa.workflows.TestFlow" name="displayResponses" time="0.0">
    <ignored/>
  </testcase> <!-- displayResponses -->
  <testcase classname="com.simpaisa.workflows.TestFlow" name="resetParams" time="0.0">
    <ignored/>
  </testcase> <!-- resetParams -->
</testsuite> <!-- Test -->
